<?xml version="1.0" encoding="UTF-8"?>
<!-- Generated by org.testng.reporters.JUnitReportReporter -->
<testsuite skipped="0" hostname="DESKTOP-S5UNGIC" name="TestCases.FirstTestCase" tests="2" failures="0" timestamp="2022-03-10T23:40:40 IST" time="23.769" errors="0">
  <testcase name="validateTitle" time="14.957" classname="TestCases.FirstTestCase"/>
  <system-out/>
  <testcase name="validateLogo" time="8.812" classname="TestCases.FirstTestCase"/>
  <system-out/>
</testsuite> <!-- TestCases.FirstTestCase -->
